<?xml version="1.0" encoding="UTF-8"?>
<testng-results ignored="0" total="1" passed="1" failed="0" skipped="0">
  <reporter-output>
  </reporter-output>
  <suite started-at="2021-09-02T15:27:38 BST" name="All Test Suite" finished-at="2021-09-02T15:27:44 BST" duration-ms="6209">
    <groups>
    </groups>
    <test started-at="2021-09-02T15:27:38 BST" name="C:/Users/Vijay/Downloads/Finalcodebases/Finalcodebases/IntelIJproj/src/test/Testcases/basepage.java" finished-at="2021-09-02T15:27:44 BST" duration-ms="6209">
      <class name="Page.basepage">
        <test-method is-config="true" signature="printmehtod()[pri:0, instance:Page.basepage@4ed15347]" started-at="2021-09-02T15:27:38 BST" name="printmehtod" finished-at="2021-09-02T15:27:38 BST" duration-ms="0" status="PASS">
          <reporter-output>
          </reporter-output>
        </test-method> <!-- printmehtod -->
        <test-method signature="runm()[pri:0, instance:Page.basepage@4ed15347]" started-at="2021-09-02T15:27:38 BST" name="runm" finished-at="2021-09-02T15:27:44 BST" duration-ms="6177" status="PASS">
          <reporter-output>
          </reporter-output>
        </test-method> <!-- runm -->
        <test-method is-config="true" signature="aftermethods()[pri:0, instance:Page.basepage@4ed15347]" started-at="2021-09-02T15:27:44 BST" name="aftermethods" finished-at="2021-09-02T15:27:44 BST" duration-ms="0" status="PASS">
          <reporter-output>
          </reporter-output>
        </test-method> <!-- aftermethods -->
      </class> <!-- Page.basepage -->
    </test> <!-- C:/Users/Vijay/Downloads/Finalcodebases/Finalcodebases/IntelIJproj/src/test/Testcases/basepage.java -->
  </suite> <!-- All Test Suite -->
</testng-results>
